<?xml version="1.0" encoding="UTF-8"?>
<!-- Generated by org.testng.reporters.JUnitXMLReporter -->
<testsuite ignored="2" hostname="owner-PC" failures="0" tests="3" name="TestRunner-1" time="172.228" errors="0" timestamp="2021-12-27T16:52:44 IST">
  <testcase classname="com.crm.autodeskcontacts.CreateContact" name="createContacts" time="25.258"/>
  <testcase classname="com.crm.autodesk.orgtest.CreateOrgTest" name="createOrgTest" time="59.917"/>
  <testcase classname="com.crm.autodesk.orgtest.CreateOrgTest" name="demo" time="0.002"/>
  <testcase classname="com.crm.autodesk.genericutility.BaseClass" name="@BeforeSuite dbConnection" time="0.0">
    <ignored/>
  </testcase> <!-- @BeforeSuite dbConnection -->
  <testcase classname="com.crm.autodesk.genericutility.BaseClass" name="@AfterSuite closeDbConnection" time="0.0">
    <ignored/>
  </testcase> <!-- @AfterSuite closeDbConnection -->
</testsuite> <!-- TestRunner-1 -->
